WARNING    - 2023-09-29 00:23:21,709 - client          : PyNaCl is not installed, voice will NOT be supported
INFO       - 2023-09-29 00:23:21,713 - client          : logging in using static token
INFO       - 2023-09-29 00:23:45,440 - gateway         : Shard ID None has connected to Gateway (Session ID: 7acd743ce67c7f6f669ddf4990936216).
WARNING    - 2023-09-29 00:27:22,197 - gateway         : Shard ID None heartbeat blocked for more than 10 seconds.
Loop thread traceback (most recent call last):
  File "e:\one_piece_bot\main.py", line 61, in <module>
    run()
  File "e:\one_piece_bot\main.py", line 58, in run
    bot.run(Settings.Discord_api, root_logger=True)
  File "E:\one_piece_bot\Discordgame\lib\site-packages\discord\client.py", line 860, in run
    asyncio.run(runner())
  File "C:\Users\Lenovo\AppData\Local\Programs\Python\Python310\lib\asyncio\runners.py", line 44, in run
    return loop.run_until_complete(main)
  File "C:\Users\Lenovo\AppData\Local\Programs\Python\Python310\lib\asyncio\base_events.py", line 636, in run_until_complete
    self.run_forever()
  File "C:\Users\Lenovo\AppData\Local\Programs\Python\Python310\lib\asyncio\windows_events.py", line 321, in run_forever
    super().run_forever()
  File "C:\Users\Lenovo\AppData\Local\Programs\Python\Python310\lib\asyncio\base_events.py", line 603, in run_forever
    self._run_once()
  File "C:\Users\Lenovo\AppData\Local\Programs\Python\Python310\lib\asyncio\base_events.py", line 1899, in _run_once
    handle._run()
  File "C:\Users\Lenovo\AppData\Local\Programs\Python\Python310\lib\asyncio\events.py", line 80, in _run
    self._context.run(self._callback, *self._args)
  File "E:\one_piece_bot\Discordgame\lib\site-packages\discord\client.py", line 441, in _run_event
    await coro(*args, **kwargs)
  File "E:\one_piece_bot\Discordgame\lib\site-packages\discord\ext\commands\bot.py", line 1395, in on_message
    await self.process_commands(message)
  File "E:\one_piece_bot\Discordgame\lib\site-packages\discord\ext\commands\bot.py", line 1392, in process_commands
    await self.invoke(ctx)  # type: ignore
  File "E:\one_piece_bot\Discordgame\lib\site-packages\discord\ext\commands\bot.py", line 1350, in invoke
    await ctx.command.invoke(ctx)
  File "E:\one_piece_bot\Discordgame\lib\site-packages\discord\ext\commands\core.py", line 1029, in invoke
    await injected(*ctx.args, **ctx.kwargs)  # type: ignore
  File "E:\one_piece_bot\Discordgame\lib\site-packages\discord\ext\commands\core.py", line 235, in wrapped
    ret = await coro(*args, **kwargs)
  File "e:\one_piece_bot\Cmds\Start.py", line 65, in map_test
    design_map(server_id=ctx.guild.id)
  File "e:\one_piece_bot\map.py", line 119, in design_map
    response = requests.get(server_pfp_url)
  File "E:\one_piece_bot\Discordgame\lib\site-packages\requests\api.py", line 73, in get
    return request("get", url, params=params, **kwargs)
  File "E:\one_piece_bot\Discordgame\lib\site-packages\requests\api.py", line 59, in request
    return session.request(method=method, url=url, **kwargs)
  File "E:\one_piece_bot\Discordgame\lib\site-packages\requests\sessions.py", line 589, in request
    resp = self.send(prep, **send_kwargs)
  File "E:\one_piece_bot\Discordgame\lib\site-packages\requests\sessions.py", line 747, in send
    r.content
  File "E:\one_piece_bot\Discordgame\lib\site-packages\requests\models.py", line 899, in content
    self._content = b"".join(self.iter_content(CONTENT_CHUNK_SIZE)) or b""
  File "E:\one_piece_bot\Discordgame\lib\site-packages\requests\models.py", line 816, in generate
    yield from self.raw.stream(chunk_size, decode_content=True)
  File "E:\one_piece_bot\Discordgame\lib\site-packages\urllib3\response.py", line 936, in stream
    data = self.read(amt=amt, decode_content=decode_content)
  File "E:\one_piece_bot\Discordgame\lib\site-packages\urllib3\response.py", line 879, in read
    data = self._raw_read(amt)
  File "E:\one_piece_bot\Discordgame\lib\site-packages\urllib3\response.py", line 814, in _raw_read
    data = self._fp_read(amt) if not fp_closed else b""
  File "E:\one_piece_bot\Discordgame\lib\site-packages\urllib3\response.py", line 799, in _fp_read
    return self._fp.read(amt) if amt is not None else self._fp.read()
  File "C:\Users\Lenovo\AppData\Local\Programs\Python\Python310\lib\http\client.py", line 465, in read
    s = self.fp.read(amt)
  File "C:\Users\Lenovo\AppData\Local\Programs\Python\Python310\lib\socket.py", line 705, in readinto
    return self._sock.recv_into(b)
  File "C:\Users\Lenovo\AppData\Local\Programs\Python\Python310\lib\ssl.py", line 1274, in recv_into
    return self.read(nbytes, buffer)
  File "C:\Users\Lenovo\AppData\Local\Programs\Python\Python310\lib\ssl.py", line 1130, in read
    return self._sslobj.read(len, buffer)

